2025-04-08 18:28:24.690315 - Received CBT.V508.FILE095.PDS from FILE095.XMI 
2025-04-08 18:28:24.701286 - Found $$$$LIST.txt (text/plain) in CBT.V508.FILE095.PDS, moved to PDS/$$$$LIST
2025-04-08 18:28:24.701984 - Found $$$$UPDT.txt (text/plain) in CBT.V508.FILE095.PDS, moved to PDS/$$$$UPDT
2025-04-08 18:28:24.702635 - Found $$$#DATE.txt (text/plain) in CBT.V508.FILE095.PDS, moved to PDS/$$$#DATE
2025-04-08 18:28:24.703287 - Found $$$READ.txt (text/plain) in CBT.V508.FILE095.PDS, moved to PDS/$$$READ
2025-04-08 18:28:24.703902 - Found $BASIC.txt (text/plain) in CBT.V508.FILE095.PDS, moved to PDS/$BASIC
2025-04-08 18:28:24.704522 - Found $CHANGES.txt (text/plain) in CBT.V508.FILE095.PDS, moved to PDS/$CHANGES
2025-04-08 18:28:24.705168 - Found $DESCRPT.txt (text/plain) in CBT.V508.FILE095.PDS, moved to PDS/$DESCRPT
2025-04-08 18:28:24.705725 - Found $DOC.txt (text/plain) in CBT.V508.FILE095.PDS, moved to PDS/$DOC
2025-04-08 18:28:24.720023 - Found $EXAMPLE.txt (text/plain) in CBT.V508.FILE095.PDS, moved to PDS/$EXAMPLE
2025-04-08 18:28:24.720707 - Found $SAMPJCL.txt (text/plain) in CBT.V508.FILE095.PDS, moved to PDS/$SAMPJCL
2025-04-08 18:28:24.721288 - Found $SETUP.txt (text/plain) in CBT.V508.FILE095.PDS, moved to PDS/$SETUP
2025-04-08 18:28:24.721910 - Found $SHARE.txt (text/plain) in CBT.V508.FILE095.PDS, moved to PDS/$SHARE
2025-04-08 18:28:24.722442 - Found #ASMBOX.txt (text/plain) in CBT.V508.FILE095.PDS, moved to PDS/#ASMBOX
2025-04-08 18:28:24.723140 - Found #B.txt (text/plain) in CBT.V508.FILE095.PDS, moved to PDS/#B
2025-04-08 18:28:24.723762 - Found #BIG.txt (text/plain) in CBT.V508.FILE095.PDS, moved to PDS/#BIG
2025-04-08 18:28:24.724288 - Found #BIGS.txt (text/plain) in CBT.V508.FILE095.PDS, moved to PDS/#BIGS
2025-04-08 18:28:24.724841 - Found #BLDCOPY.txt (text/plain) in CBT.V508.FILE095.PDS, moved to PDS/#BLDCOPY
2025-04-08 18:28:24.725376 - Found #BRODPNL.txt (text/plain) in CBT.V508.FILE095.PDS, moved to PDS/#BRODPNL
2025-04-08 18:28:24.725929 - Found #CENTER.txt (text/plain) in CBT.V508.FILE095.PDS, moved to PDS/#CENTER
2025-04-08 18:28:24.726497 - Found #CHGALL.txt (text/plain) in CBT.V508.FILE095.PDS, moved to PDS/#CHGALL
2025-04-08 18:28:24.727064 - Found #CLISTBO.txt (text/plain) in CBT.V508.FILE095.PDS, moved to PDS/#CLISTBO
2025-04-08 18:28:24.727698 - Found #CLONE.txt (text/plain) in CBT.V508.FILE095.PDS, moved to PDS/#CLONE
2025-04-08 18:28:24.728278 - Found #COBBOX.txt (text/plain) in CBT.V508.FILE095.PDS, moved to PDS/#COBBOX
2025-04-08 18:28:24.728884 - Found #COMMENT.txt (text/plain) in CBT.V508.FILE095.PDS, moved to PDS/#COMMENT
2025-04-08 18:28:24.729489 - Found #COMPRES.txt (text/plain) in CBT.V508.FILE095.PDS, moved to PDS/#COMPRES
2025-04-08 18:28:24.730099 - Found #CONLY.txt (text/plain) in CBT.V508.FILE095.PDS, moved to PDS/#CONLY
2025-04-08 18:28:24.730663 - Found #CONT.txt (text/plain) in CBT.V508.FILE095.PDS, moved to PDS/#CONT
2025-04-08 18:28:24.731191 - Found #CONTROL.txt (text/plain) in CBT.V508.FILE095.PDS, moved to PDS/#CONTROL
2025-04-08 18:28:24.731743 - Found #CUT.txt (text/plain) in CBT.V508.FILE095.PDS, moved to PDS/#CUT
2025-04-08 18:28:24.732388 - Found #CUTTO.txt (text/plain) in CBT.V508.FILE095.PDS, moved to PDS/#CUTTO
2025-04-08 18:28:24.732971 - Found #D.txt (text/plain) in CBT.V508.FILE095.PDS, moved to PDS/#D
2025-04-08 18:28:24.733487 - Found #DELCUT.txt (text/plain) in CBT.V508.FILE095.PDS, moved to PDS/#DELCUT
2025-04-08 18:28:24.734097 - Found #DELDUPS.txt (text/plain) in CBT.V508.FILE095.PDS, moved to PDS/#DELDUPS
2025-04-08 18:28:24.734669 - Found #DSIGENP.txt (text/plain) in CBT.V508.FILE095.PDS, moved to PDS/#DSIGENP
2025-04-08 18:28:24.735283 - Found #DSIGENS.txt (text/plain) in CBT.V508.FILE095.PDS, moved to PDS/#DSIGENS
2025-04-08 18:28:24.735896 - Found #E.txt (text/plain) in CBT.V508.FILE095.PDS, moved to PDS/#E
2025-04-08 18:28:24.736529 - Found #EXIT.txt (text/plain) in CBT.V508.FILE095.PDS, moved to PDS/#EXIT
2025-04-08 18:28:24.737110 - Found #FC.txt (text/plain) in CBT.V508.FILE095.PDS, moved to PDS/#FC
2025-04-08 18:28:24.737683 - Found #FIXJCL.txt (text/plain) in CBT.V508.FILE095.PDS, moved to PDS/#FIXJCL
2025-04-08 18:28:24.738290 - Found #FMEMD00.txt (text/plain) in CBT.V508.FILE095.PDS, moved to PDS/#FMEMD00
2025-04-08 18:28:24.739095 - Found #FMEMD01.txt (text/plain) in CBT.V508.FILE095.PDS, moved to PDS/#FMEMD01
2025-04-08 18:28:24.739703 - Found #FMEMD02.txt (text/plain) in CBT.V508.FILE095.PDS, moved to PDS/#FMEMD02
2025-04-08 18:28:24.740337 - Found #INIT.txt (text/plain) in CBT.V508.FILE095.PDS, moved to PDS/#INIT
2025-04-08 18:28:24.740873 - Found #INITIAL.txt (text/plain) in CBT.V508.FILE095.PDS, moved to PDS/#INITIAL
2025-04-08 18:28:24.741494 - Found #ISPUCMB.bin (application/octet-stream) in CBT.V508.FILE095.PDS, moved to PDS/#ISPUCMB
2025-04-08 18:28:24.742106 - Found #JC.txt (text/plain) in CBT.V508.FILE095.PDS, moved to PDS/#JC
2025-04-08 18:28:24.742932 - Found #JCLBOX.txt (text/plain) in CBT.V508.FILE095.PDS, moved to PDS/#JCLBOX
2025-04-08 18:28:24.743524 - Found #JC2.txt (text/plain) in CBT.V508.FILE095.PDS, moved to PDS/#JC2
2025-04-08 18:28:24.744123 - Found #LCASE.txt (text/plain) in CBT.V508.FILE095.PDS, moved to PDS/#LCASE
2025-04-08 18:28:24.744727 - Found #LJUST.txt (text/plain) in CBT.V508.FILE095.PDS, moved to PDS/#LJUST
2025-04-08 18:28:24.745483 - Found #MACHELP.txt (text/plain) in CBT.V508.FILE095.PDS, moved to PDS/#MACHELP
2025-04-08 18:28:24.746125 - Found #MACLIST.txt (text/plain) in CBT.V508.FILE095.PDS, moved to PDS/#MACLIST
2025-04-08 18:28:24.746804 - Found #MEMLIST.txt (text/plain) in CBT.V508.FILE095.PDS, moved to PDS/#MEMLIST
2025-04-08 18:28:24.747413 - Found #MODEL.txt (text/plain) in CBT.V508.FILE095.PDS, moved to PDS/#MODEL
2025-04-08 18:28:24.748055 - Found #MOVECOL.bin (application/octet-stream) in CBT.V508.FILE095.PDS, moved to PDS/#MOVECOL
2025-04-08 18:28:24.748676 - Found #MSTATS.txt (text/plain) in CBT.V508.FILE095.PDS, moved to PDS/#MSTATS
2025-04-08 18:28:24.749463 - Found #NEWLINE.txt (text/plain) in CBT.V508.FILE095.PDS, moved to PDS/#NEWLINE
2025-04-08 18:28:24.750095 - Found #ONLY.txt (text/plain) in CBT.V508.FILE095.PDS, moved to PDS/#ONLY
2025-04-08 18:28:24.750638 - Found #PASTE.txt (text/plain) in CBT.V508.FILE095.PDS, moved to PDS/#PASTE
2025-04-08 18:28:24.751191 - Found #PBOX.txt (text/plain) in CBT.V508.FILE095.PDS, moved to PDS/#PBOX
2025-04-08 18:28:24.751764 - Found #PFCAN.txt (text/plain) in CBT.V508.FILE095.PDS, moved to PDS/#PFCAN
2025-04-08 18:28:24.752277 - Found #PFSET.txt (text/plain) in CBT.V508.FILE095.PDS, moved to PDS/#PFSET
2025-04-08 18:28:24.752797 - Found #PRTIT.txt (text/plain) in CBT.V508.FILE095.PDS, moved to PDS/#PRTIT
2025-04-08 18:28:24.753332 - Found #QCREATE.txt (text/plain) in CBT.V508.FILE095.PDS, moved to PDS/#QCREATE
2025-04-08 18:28:24.753878 - Found #QREP.txt (text/plain) in CBT.V508.FILE095.PDS, moved to PDS/#QREP
2025-04-08 18:28:24.754395 - Found #RCOLDEL.txt (text/plain) in CBT.V508.FILE095.PDS, moved to PDS/#RCOLDEL
2025-04-08 18:28:24.754938 - Found #RCOLS.txt (text/plain) in CBT.V508.FILE095.PDS, moved to PDS/#RCOLS
2025-04-08 18:28:24.755473 - Found #REPOTHE.txt (text/plain) in CBT.V508.FILE095.PDS, moved to PDS/#REPOTHE
2025-04-08 18:28:24.756042 - Found #RJUST.txt (text/plain) in CBT.V508.FILE095.PDS, moved to PDS/#RJUST
2025-04-08 18:28:24.756567 - Found #RNAME.txt (text/plain) in CBT.V508.FILE095.PDS, moved to PDS/#RNAME
2025-04-08 18:28:24.757127 - Found #S.txt (text/plain) in CBT.V508.FILE095.PDS, moved to PDS/#S
2025-04-08 18:28:24.757653 - Found #SEPLINE.txt (text/plain) in CBT.V508.FILE095.PDS, moved to PDS/#SEPLINE
2025-04-08 18:28:24.758186 - Found #SHOWCT2.txt (text/plain) in CBT.V508.FILE095.PDS, moved to PDS/#SHOWCT2
2025-04-08 18:28:24.758710 - Found #SHOWCUT.txt (text/plain) in CBT.V508.FILE095.PDS, moved to PDS/#SHOWCUT
2025-04-08 18:28:24.759243 - Found #SHOWDCB.txt (text/plain) in CBT.V508.FILE095.PDS, moved to PDS/#SHOWDCB
2025-04-08 18:28:24.759803 - Found #SHOWFLO.txt (text/plain) in CBT.V508.FILE095.PDS, moved to PDS/#SHOWFLO
2025-04-08 18:28:24.760341 - Found #SHOWMAC.txt (text/plain) in CBT.V508.FILE095.PDS, moved to PDS/#SHOWMAC
2025-04-08 18:28:24.760866 - Found #SLINE.txt (text/plain) in CBT.V508.FILE095.PDS, moved to PDS/#SLINE
2025-04-08 18:28:24.761445 - Found #SORTDUP.txt (text/plain) in CBT.V508.FILE095.PDS, moved to PDS/#SORTDUP
2025-04-08 18:28:24.761989 - Found #ST.txt (text/plain) in CBT.V508.FILE095.PDS, moved to PDS/#ST
2025-04-08 18:28:24.762568 - Found #STAMP.txt (text/plain) in CBT.V508.FILE095.PDS, moved to PDS/#STAMP
2025-04-08 18:28:24.763147 - Found #ST2.txt (text/plain) in CBT.V508.FILE095.PDS, moved to PDS/#ST2
2025-04-08 18:28:24.763763 - Found #ST3.txt (text/plain) in CBT.V508.FILE095.PDS, moved to PDS/#ST3
2025-04-08 18:28:24.764288 - Found #ST4.txt (text/plain) in CBT.V508.FILE095.PDS, moved to PDS/#ST4
2025-04-08 18:28:24.764931 - Found #ST5.txt (text/plain) in CBT.V508.FILE095.PDS, moved to PDS/#ST5
2025-04-08 18:28:24.765489 - Found #SUM.txt (text/plain) in CBT.V508.FILE095.PDS, moved to PDS/#SUM
2025-04-08 18:28:24.766037 - Found #SUPERT.txt (text/plain) in CBT.V508.FILE095.PDS, moved to PDS/#SUPERT
2025-04-08 18:28:24.766639 - Found #T.txt (text/plain) in CBT.V508.FILE095.PDS, moved to PDS/#T
2025-04-08 18:28:24.767211 - Found #TJ.txt (text/plain) in CBT.V508.FILE095.PDS, moved to PDS/#TJ
2025-04-08 18:28:24.767790 - Found #TYPE.txt (text/plain) in CBT.V508.FILE095.PDS, moved to PDS/#TYPE
2025-04-08 18:28:24.768372 - Found #UCASE.txt (text/plain) in CBT.V508.FILE095.PDS, moved to PDS/#UCASE
2025-04-08 18:28:24.769013 - Found #UNSEP.txt (text/plain) in CBT.V508.FILE095.PDS, moved to PDS/#UNSEP
2025-04-08 18:28:24.769623 - Found #XCOPY.txt (text/plain) in CBT.V508.FILE095.PDS, moved to PDS/#XCOPY
2025-04-08 18:28:24.770207 - Found #XSEND.txt (text/plain) in CBT.V508.FILE095.PDS, moved to PDS/#XSEND
2025-04-08 18:28:24.770838 - Found @FILE095.txt (text/plain) in CBT.V508.FILE095.PDS, moved to PDS/@FILE095
2025-04-08 18:28:24.771732 - Found ADDCMDS.txt (text/plain) in CBT.V508.FILE095.PDS, moved to PDS/ADDCMDS
2025-04-08 18:28:24.772359 - Found ASMBOX.txt (text/plain) in CBT.V508.FILE095.PDS, moved to PDS/ASMBOX
2025-04-08 18:28:24.772999 - Found B.txt (text/plain) in CBT.V508.FILE095.PDS, moved to PDS/B
2025-04-08 18:28:24.773580 - Found BIG.txt (text/plain) in CBT.V508.FILE095.PDS, moved to PDS/BIG
2025-04-08 18:28:24.774211 - Found BIGS.txt (text/plain) in CBT.V508.FILE095.PDS, moved to PDS/BIGS
2025-04-08 18:28:24.774825 - Found BLDCOPY.txt (text/plain) in CBT.V508.FILE095.PDS, moved to PDS/BLDCOPY
2025-04-08 18:28:24.775382 - Found BRODMAC.txt (text/plain) in CBT.V508.FILE095.PDS, moved to PDS/BRODMAC
2025-04-08 18:28:24.775928 - Found BRODMACD.txt (text/plain) in CBT.V508.FILE095.PDS, moved to PDS/BRODMACD
2025-04-08 18:28:24.776447 - Found BRODMACI.txt (text/plain) in CBT.V508.FILE095.PDS, moved to PDS/BRODMACI
2025-04-08 18:28:24.777094 - Found BRODMACR.txt (text/plain) in CBT.V508.FILE095.PDS, moved to PDS/BRODMACR
2025-04-08 18:28:24.777687 - Found BRODMACU.txt (text/plain) in CBT.V508.FILE095.PDS, moved to PDS/BRODMACU
2025-04-08 18:28:24.778526 - Found BRODREST.txt (text/plain) in CBT.V508.FILE095.PDS, moved to PDS/BRODREST
2025-04-08 18:28:24.779159 - Found BRODUPDR.txt (text/plain) in CBT.V508.FILE095.PDS, moved to PDS/BRODUPDR
2025-04-08 18:28:24.779738 - Found BRODUPDT.txt (text/plain) in CBT.V508.FILE095.PDS, moved to PDS/BRODUPDT
2025-04-08 18:28:24.780276 - Found CENTER.txt (text/plain) in CBT.V508.FILE095.PDS, moved to PDS/CENTER
2025-04-08 18:28:24.780782 - Found CHGALL.txt (text/plain) in CBT.V508.FILE095.PDS, moved to PDS/CHGALL
2025-04-08 18:28:24.781327 - Found CLISTBOX.txt (text/plain) in CBT.V508.FILE095.PDS, moved to PDS/CLISTBOX
2025-04-08 18:28:24.781966 - Found CLONE.x-Algol68 (text/x-Algol68) in CBT.V508.FILE095.PDS, moved to PDS/CLONE
2025-04-08 18:28:24.782573 - Found CLONEP.txt (text/plain) in CBT.V508.FILE095.PDS, moved to PDS/CLONEP
2025-04-08 18:28:24.783171 - Found CLONES.txt (text/plain) in CBT.V508.FILE095.PDS, moved to PDS/CLONES
2025-04-08 18:28:24.783755 - Found CMDS.txt (text/plain) in CBT.V508.FILE095.PDS, moved to PDS/CMDS
2025-04-08 18:28:24.784316 - Found CMDUPDT1.txt (text/plain) in CBT.V508.FILE095.PDS, moved to PDS/CMDUPDT1
2025-04-08 18:28:24.784886 - Found COBBOX.txt (text/plain) in CBT.V508.FILE095.PDS, moved to PDS/COBBOX
2025-04-08 18:28:24.785437 - Found COBLCAS.txt (text/plain) in CBT.V508.FILE095.PDS, moved to PDS/COBLCAS
2025-04-08 18:28:24.785989 - Found COBSEPL.txt (text/plain) in CBT.V508.FILE095.PDS, moved to PDS/COBSEPL
2025-04-08 18:28:24.786649 - Found COBUCAS.txt (text/plain) in CBT.V508.FILE095.PDS, moved to PDS/COBUCAS
2025-04-08 18:28:24.787206 - Found COMMENTS.txt (text/plain) in CBT.V508.FILE095.PDS, moved to PDS/COMMENTS
2025-04-08 18:28:24.787740 - Found COMPRESS.txt (text/plain) in CBT.V508.FILE095.PDS, moved to PDS/COMPRESS
2025-04-08 18:28:24.788254 - Found CONLY.txt (text/plain) in CBT.V508.FILE095.PDS, moved to PDS/CONLY
2025-04-08 18:28:24.788784 - Found CONT.txt (text/plain) in CBT.V508.FILE095.PDS, moved to PDS/CONT
2025-04-08 18:28:24.789365 - Found CONTROL.txt (text/plain) in CBT.V508.FILE095.PDS, moved to PDS/CONTROL
2025-04-08 18:28:24.789934 - Found CUSTBOX.txt (text/plain) in CBT.V508.FILE095.PDS, moved to PDS/CUSTBOX
2025-04-08 18:28:24.790499 - Found CUT.txt (text/plain) in CBT.V508.FILE095.PDS, moved to PDS/CUT
2025-04-08 18:28:24.791112 - Found CUTTO.txt (text/plain) in CBT.V508.FILE095.PDS, moved to PDS/CUTTO
2025-04-08 18:28:24.791688 - Found D.txt (text/plain) in CBT.V508.FILE095.PDS, moved to PDS/D
2025-04-08 18:28:24.792222 - Found DELCUT.txt (text/plain) in CBT.V508.FILE095.PDS, moved to PDS/DELCUT
2025-04-08 18:28:24.792758 - Found DELC2.txt (text/plain) in CBT.V508.FILE095.PDS, moved to PDS/DELC2
2025-04-08 18:28:24.793317 - Found DELDUPS.txt (text/plain) in CBT.V508.FILE095.PDS, moved to PDS/DELDUPS
2025-04-08 18:28:24.793903 - Found DSIGENP.txt (text/plain) in CBT.V508.FILE095.PDS, moved to PDS/DSIGENP
2025-04-08 18:28:24.794498 - Found DSIGENS.txt (text/plain) in CBT.V508.FILE095.PDS, moved to PDS/DSIGENS
2025-04-08 18:28:24.795085 - Found E.txt (text/plain) in CBT.V508.FILE095.PDS, moved to PDS/E
2025-04-08 18:28:24.795695 - Found EDITPDS.txt (text/plain) in CBT.V508.FILE095.PDS, moved to PDS/EDITPDS
2025-04-08 18:28:24.796345 - Found EMACS.txt (text/plain) in CBT.V508.FILE095.PDS, moved to PDS/EMACS
2025-04-08 18:28:24.796950 - Found EXIT.txt (text/plain) in CBT.V508.FILE095.PDS, moved to PDS/EXIT
2025-04-08 18:28:24.797894 - Found FC.txt (text/plain) in CBT.V508.FILE095.PDS, moved to PDS/FC
2025-04-08 18:28:24.798533 - Found FIXJCL.txt (text/plain) in CBT.V508.FILE095.PDS, moved to PDS/FIXJCL
2025-04-08 18:28:24.799214 - Found HEADING.txt (text/plain) in CBT.V508.FILE095.PDS, moved to PDS/HEADING
2025-04-08 18:28:24.799811 - Found INIT.txt (text/plain) in CBT.V508.FILE095.PDS, moved to PDS/INIT
2025-04-08 18:28:24.800410 - Found INITIAL.txt (text/plain) in CBT.V508.FILE095.PDS, moved to PDS/INITIAL
2025-04-08 18:28:24.801034 - Found ISPUCMB.bin (application/octet-stream) in CBT.V508.FILE095.PDS, moved to PDS/ISPUCMB
2025-04-08 18:28:24.801599 - Found JC.txt (text/plain) in CBT.V508.FILE095.PDS, moved to PDS/JC
2025-04-08 18:28:24.802171 - Found JCLBOX.txt (text/plain) in CBT.V508.FILE095.PDS, moved to PDS/JCLBOX
2025-04-08 18:28:24.802804 - Found JOBCARD.txt (text/plain) in CBT.V508.FILE095.PDS, moved to PDS/JOBCARD
2025-04-08 18:28:24.803437 - Found LCASE.txt (text/plain) in CBT.V508.FILE095.PDS, moved to PDS/LCASE
2025-04-08 18:28:24.804075 - Found LCASEC.txt (text/plain) in CBT.V508.FILE095.PDS, moved to PDS/LCASEC
2025-04-08 18:28:24.804640 - Found LJUST.txt (text/plain) in CBT.V508.FILE095.PDS, moved to PDS/LJUST
2025-04-08 18:28:24.805238 - Found MACHELP.txt (text/plain) in CBT.V508.FILE095.PDS, moved to PDS/MACHELP
2025-04-08 18:28:24.805840 - Found MACLIST.txt (text/plain) in CBT.V508.FILE095.PDS, moved to PDS/MACLIST
2025-04-08 18:28:24.806483 - Found MEMLIST.txt (text/plain) in CBT.V508.FILE095.PDS, moved to PDS/MEMLIST
2025-04-08 18:28:24.807092 - Found MERGE.jcl (text/plain) in CBT.V508.FILE095.PDS, moved to PDS/MERGE
2025-04-08 18:28:24.807739 - Found MOVECOLS.txt (text/plain) in CBT.V508.FILE095.PDS, moved to PDS/MOVECOLS
2025-04-08 18:28:24.808323 - Found MRCLEAN.txt (text/plain) in CBT.V508.FILE095.PDS, moved to PDS/MRCLEAN
2025-04-08 18:28:24.808925 - Found MSTATS.txt (text/plain) in CBT.V508.FILE095.PDS, moved to PDS/MSTATS
2025-04-08 18:28:24.809480 - Found ONLY.txt (text/plain) in CBT.V508.FILE095.PDS, moved to PDS/ONLY
2025-04-08 18:28:24.810040 - Found OTHER.txt (text/plain) in CBT.V508.FILE095.PDS, moved to PDS/OTHER
2025-04-08 18:28:24.810728 - Found PARA.txt (text/plain) in CBT.V508.FILE095.PDS, moved to PDS/PARA
2025-04-08 18:28:24.811399 - Found PARADOC.txt (text/plain) in CBT.V508.FILE095.PDS, moved to PDS/PARADOC
2025-04-08 18:28:24.811974 - Found PASTE.txt (text/plain) in CBT.V508.FILE095.PDS, moved to PDS/PASTE
2025-04-08 18:28:24.812588 - Found PBOX.txt (text/plain) in CBT.V508.FILE095.PDS, moved to PDS/PBOX
2025-04-08 18:28:24.813175 - Found PFCAN.txt (text/plain) in CBT.V508.FILE095.PDS, moved to PDS/PFCAN
2025-04-08 18:28:24.813768 - Found PFSET.txt (text/plain) in CBT.V508.FILE095.PDS, moved to PDS/PFSET
2025-04-08 18:28:24.814299 - Found PRTIT.txt (text/plain) in CBT.V508.FILE095.PDS, moved to PDS/PRTIT
2025-04-08 18:28:24.814829 - Found QCREATE.txt (text/plain) in CBT.V508.FILE095.PDS, moved to PDS/QCREATE
2025-04-08 18:28:24.815341 - Found QREP.txt (text/plain) in CBT.V508.FILE095.PDS, moved to PDS/QREP
2025-04-08 18:28:24.816137 - Found RCOLDEL.txt (text/plain) in CBT.V508.FILE095.PDS, moved to PDS/RCOLDEL
2025-04-08 18:28:24.816767 - Found RCOLS.txt (text/plain) in CBT.V508.FILE095.PDS, moved to PDS/RCOLS
2025-04-08 18:28:24.817304 - Found REPOTHER.txt (text/plain) in CBT.V508.FILE095.PDS, moved to PDS/REPOTHER
2025-04-08 18:28:24.817846 - Found RJUST.txt (text/plain) in CBT.V508.FILE095.PDS, moved to PDS/RJUST
2025-04-08 18:28:24.818354 - Found RNAME.txt (text/plain) in CBT.V508.FILE095.PDS, moved to PDS/RNAME
2025-04-08 18:28:24.818950 - Found S.txt (text/plain) in CBT.V508.FILE095.PDS, moved to PDS/S
2025-04-08 18:28:24.819523 - Found SBOX.txt (text/plain) in CBT.V508.FILE095.PDS, moved to PDS/SBOX
2025-04-08 18:28:24.820104 - Found SCUT2.txt (text/plain) in CBT.V508.FILE095.PDS, moved to PDS/SCUT2
2025-04-08 18:28:24.820710 - Found SEPLINE.txt (text/plain) in CBT.V508.FILE095.PDS, moved to PDS/SEPLINE
2025-04-08 18:28:24.821246 - Found SHOWCUT.txt (text/plain) in CBT.V508.FILE095.PDS, moved to PDS/SHOWCUT
2025-04-08 18:28:24.821877 - Found SHOWCUT2.txt (text/plain) in CBT.V508.FILE095.PDS, moved to PDS/SHOWCUT2
2025-04-08 18:28:24.822481 - Found SHOWDCB.txt (text/plain) in CBT.V508.FILE095.PDS, moved to PDS/SHOWDCB
2025-04-08 18:28:24.823019 - Found SHOWFLOW.txt (text/plain) in CBT.V508.FILE095.PDS, moved to PDS/SHOWFLOW
2025-04-08 18:28:24.823545 - Found SHOWMACS.txt (text/plain) in CBT.V508.FILE095.PDS, moved to PDS/SHOWMACS
2025-04-08 18:28:24.824095 - Found SLINE.txt (text/plain) in CBT.V508.FILE095.PDS, moved to PDS/SLINE
2025-04-08 18:28:24.824633 - Found SORTDUPS.txt (text/plain) in CBT.V508.FILE095.PDS, moved to PDS/SORTDUPS
2025-04-08 18:28:24.825197 - Found ST.txt (text/plain) in CBT.V508.FILE095.PDS, moved to PDS/ST
2025-04-08 18:28:24.825736 - Found STAMP.txt (text/plain) in CBT.V508.FILE095.PDS, moved to PDS/STAMP
2025-04-08 18:28:24.826270 - Found STEDITY.txt (text/plain) in CBT.V508.FILE095.PDS, moved to PDS/STEDITY
2025-04-08 18:28:24.826807 - Found STEDIT2.txt (text/plain) in CBT.V508.FILE095.PDS, moved to PDS/STEDIT2
2025-04-08 18:28:24.827348 - Found SUM.txt (text/plain) in CBT.V508.FILE095.PDS, moved to PDS/SUM
2025-04-08 18:28:24.827881 - Found T.txt (text/plain) in CBT.V508.FILE095.PDS, moved to PDS/T
2025-04-08 18:28:24.828441 - Found TABLBLD.txt (text/plain) in CBT.V508.FILE095.PDS, moved to PDS/TABLBLD
2025-04-08 18:28:24.828956 - Found TEXTJOIN.txt (text/plain) in CBT.V508.FILE095.PDS, moved to PDS/TEXTJOIN
2025-04-08 18:28:24.829487 - Found TJ.txt (text/plain) in CBT.V508.FILE095.PDS, moved to PDS/TJ
2025-04-08 18:28:24.830199 - Found TYPE.txt (text/plain) in CBT.V508.FILE095.PDS, moved to PDS/TYPE
2025-04-08 18:28:24.830854 - Found TYPESET.txt (text/plain) in CBT.V508.FILE095.PDS, moved to PDS/TYPESET
2025-04-08 18:28:24.831410 - Found UCASE.txt (text/plain) in CBT.V508.FILE095.PDS, moved to PDS/UCASE
2025-04-08 18:28:24.832058 - Found UCASEC.txt (text/plain) in CBT.V508.FILE095.PDS, moved to PDS/UCASEC
2025-04-08 18:28:24.832606 - Found UNSEP.txt (text/plain) in CBT.V508.FILE095.PDS, moved to PDS/UNSEP
2025-04-08 18:28:24.833172 - Found WHEREMEM.txt (text/plain) in CBT.V508.FILE095.PDS, moved to PDS/WHEREMEM
2025-04-08 18:28:24.833773 - Found WHERMEM2.txt (text/plain) in CBT.V508.FILE095.PDS, moved to PDS/WHERMEM2
2025-04-08 18:28:24.834574 - Found WIPEIT.txt (text/plain) in CBT.V508.FILE095.PDS, moved to PDS/WIPEIT
2025-04-08 18:28:24.835143 - Found XCOPY.txt (text/plain) in CBT.V508.FILE095.PDS, moved to PDS/XCOPY
2025-04-08 18:28:24.835684 - Found XSEND.txt (text/plain) in CBT.V508.FILE095.PDS, moved to PDS/XSEND
